<?xml version="1.0" encoding="UTF-8"?>
<testng-results ignored="0" total="1" passed="1" failed="0" skipped="0">
  <reporter-output>
  </reporter-output>
  <suite started-at="2023-11-24T16:52:36Z" name="Default suite" finished-at="2023-11-24T16:52:43Z" duration-ms="7044">
    <groups>
      <group name="cucumber">
        <method signature="AbstractTestNGCucumberTests.runScenario(io.cucumber.testng.PickleWrapper, io.cucumber.testng.FeatureWrapper)[pri:0, instance:orangehrm.ny.runner.Myrunner@1fa1cab1]" name="runScenario" class="io.cucumber.testng.AbstractTestNGCucumberTests"/>
      </group> <!-- cucumber -->
    </groups>
    <test started-at="2023-11-24T16:52:36Z" name="Default test" finished-at="2023-11-24T16:52:43Z" duration-ms="7044">
      <class name="orangehrm.ny.runner.Myrunner">
        <test-method is-config="true" signature="setUpClass()[pri:0, instance:orangehrm.ny.runner.Myrunner@1fa1cab1]" started-at="2023-11-24T16:52:36Z" name="setUpClass" finished-at="2023-11-24T16:52:36Z" duration-ms="192" status="PASS">
          <reporter-output>
          </reporter-output>
        </test-method> <!-- setUpClass -->
        <test-method signature="runScenario(io.cucumber.testng.PickleWrapper, io.cucumber.testng.FeatureWrapper)[pri:0, instance:orangehrm.ny.runner.Myrunner@1fa1cab1]" started-at="2023-11-24T16:52:36Z" name="runScenario" description="Runs Cucumber Scenarios" data-provider="scenarios" finished-at="2023-11-24T16:52:43Z" duration-ms="6831" status="PASS">
          <params>
            <param index="0">
              <value>
                <![CDATA["Valid able loging the application."]]>
              </value>
            </param>
            <param index="1">
              <value>
                <![CDATA["Optional[Validate login functionalties]"]]>
              </value>
            </param>
          </params>
          <reporter-output>
          </reporter-output>
        </test-method> <!-- runScenario -->
        <test-method is-config="true" signature="tearDownClass()[pri:0, instance:orangehrm.ny.runner.Myrunner@1fa1cab1]" started-at="2023-11-24T16:52:43Z" name="tearDownClass" finished-at="2023-11-24T16:52:43Z" duration-ms="8" status="PASS">
          <reporter-output>
          </reporter-output>
        </test-method> <!-- tearDownClass -->
      </class> <!-- orangehrm.ny.runner.Myrunner -->
    </test> <!-- Default test -->
  </suite> <!-- Default suite -->
</testng-results>
